<?xml version="1.0" encoding="UTF-8"?>
<!-- Generated by org.testng.reporters.JUnitReportReporter -->
<testsuite skipped="0" hostname="Lenovo-PC" name="com.testngrunner.TestNGRunner" tests="1" failures="0" timestamp="08 Jan 2018 04:40:27 GMT" time="8.897" errors="0">
  <testcase name="feature" time="8.897" classname="com.testngrunner.TestNGRunner"/>
</testsuite> <!-- com.testngrunner.TestNGRunner -->
