<?xml version="1.0" encoding="UTF-8"?>
<!-- Generated by org.testng.reporters.JUnitReportReporter -->
<testsuite skipped="0" hostname="Lenovo-PC" name="com.testngrunner.TestNGRunnerOutLine" tests="1" failures="0" timestamp="08 Jan 2018 04:40:27 GMT" time="29.356" errors="0">
  <testcase name="feature" time="29.356" classname="com.testngrunner.TestNGRunnerOutLine"/>
</testsuite> <!-- com.testngrunner.TestNGRunnerOutLine -->
